{"uuid":"76275bca-2feb-4927-a779-11d378ae44f6","name":"tests.LogInPageTests","children":["d4bf9470-71e5-495e-97cb-7e3790826507","4d1c4c0a-1a77-47ce-8864-c3defa209056","b977a430-68b8-47dc-ad57-50b6de69eda7","f3905e21-577a-4698-8d96-e4074dc7fb2a","1c85a604-30b3-494c-a08f-14d276d1cc7d","c7b94649-92b9-49ec-b067-fd69b08f7d76","d82da55c-bb29-4f3f-ad31-44f875c01724","f9476f86-4452-4046-83a4-eb2fa4b098d1","a638519d-389c-4a4a-86f9-b8da7cf0b398","900fb7a4-279b-4722-9e87-091ec68a5a04","2fb642df-2f3f-47c9-8e36-29ebdd89baaa","833a8e86-f5d2-44b5-b552-2c735c8d41d3","5f6bbbad-e629-494a-8286-c44399ac7df5","83be2ac0-4e1e-479f-9dbc-c2e1e019a5e8"],"befores":[{"name":"setAllureEnvironment","status":"broken","statusDetails":{"known":false,"muted":false,"flaky":false,"message":"There was an error creating WebDriver object for Chrome","trace":"io.github.bonigarcia.wdm.config.WebDriverManagerException: There was an error creating WebDriver object for Chrome\r\n\tat io.github.bonigarcia.wdm.WebDriverManager.instantiateDriver(WebDriverManager.java:1776)\r\n\tat io.github.bonigarcia.wdm.WebDriverManager.create(WebDriverManager.java:425)\r\n\tat tests.BaseTest.setAllureEnvironment(BaseTest.java:28)\r\n\tat java.base/jdk.internal.reflect.NativeMethodAccessorImpl.invoke0(Native Method)\r\n\tat java.base/jdk.internal.reflect.NativeMethodAccessorImpl.invoke(NativeMethodAccessorImpl.java:62)\r\n\tat java.base/jdk.internal.reflect.DelegatingMethodAccessorImpl.invoke(DelegatingMethodAccessorImpl.java:43)\r\n\tat java.base/java.lang.reflect.Method.invoke(Method.java:566)\r\n\tat org.testng.internal.invokers.MethodInvocationHelper.invokeMethod(MethodInvocationHelper.java:135)\r\n\tat org.testng.internal.invokers.MethodInvocationHelper.invokeMethodConsideringTimeout(MethodInvocationHelper.java:65)\r\n\tat org.testng.internal.invokers.ConfigInvoker.invokeConfigurationMethod(ConfigInvoker.java:381)\r\n\tat org.testng.internal.invokers.ConfigInvoker.invokeConfigurations(ConfigInvoker.java:319)\r\n\tat org.testng.internal.invokers.TestMethodWorker.invokeBeforeClassMethods(TestMethodWorker.java:178)\r\n\tat org.testng.internal.invokers.TestMethodWorker.run(TestMethodWorker.java:122)\r\n\tat java.base/java.util.concurrent.ThreadPoolExecutor.runWorker(ThreadPoolExecutor.java:1128)\r\n\tat java.base/java.util.concurrent.ThreadPoolExecutor$Worker.run(ThreadPoolExecutor.java:628)\r\n\tat java.base/java.lang.Thread.run(Thread.java:829)\r\nCaused by: com.github.dockerjava.api.exception.NotFoundException: Status 404: {\"message\":\"No such image: selenoid/vnc:chrome_118.0\"}\n\r\n\tat com.github.dockerjava.core.DefaultInvocationBuilder.execute(DefaultInvocationBuilder.java:241)\r\n\tat com.github.dockerjava.core.DefaultInvocationBuilder.post(DefaultInvocationBuilder.java:124)\r\n\tat com.github.dockerjava.core.exec.CreateContainerCmdExec.execute(CreateContainerCmdExec.java:37)\r\n\tat com.github.dockerjava.core.exec.CreateContainerCmdExec.execute(CreateContainerCmdExec.java:13)\r\n\tat com.github.dockerjava.core.exec.AbstrSyncDockerCmdExec.exec(AbstrSyncDockerCmdExec.java:21)\r\n\tat com.github.dockerjava.core.command.AbstrDockerCmd.exec(AbstrDockerCmd.java:35)\r\n\tat com.github.dockerjava.core.command.CreateContainerCmdImpl.exec(CreateContainerCmdImpl.java:608)\r\n\tat io.github.bonigarcia.wdm.docker.DockerService.startContainer(DockerService.java:248)\r\n\tat io.github.bonigarcia.wdm.docker.DockerService.startBrowserContainer(DockerService.java:677)\r\n\tat io.github.bonigarcia.wdm.WebDriverManager.createDockerWebDriver(WebDriverManager.java:1891)\r\n\tat io.github.bonigarcia.wdm.WebDriverManager.instantiateDriver(WebDriverManager.java:1756)\r\n\t... 15 more\r\n"},"stage":"finished","description":"","steps":[],"attachments":[],"parameters":[],"start":1698677076539,"stop":1698677077178}],"afters":[{"name":"tearDown","status":"broken","stage":"finished","description":"","steps":[],"attachments":[],"parameters":[],"start":1698677077241,"stop":1698677077241}],"start":1698677059153,"stop":1698677077849}