{"uuid":"8510964e-0dd6-47ac-852d-021c710e9f60","name":"tests.OverviewPageTests","children":["170b0c46-81eb-439a-9ebb-696750370eb9","c1631366-c3dd-47af-bb03-ed172185674d","e5482c0f-c627-4b23-850d-d242fcddebbf","af89b7eb-0e87-4aef-9f3c-410681538239"],"befores":[{"name":"setAllureEnvironment","status":"broken","statusDetails":{"known":false,"muted":false,"flaky":false,"message":"There was an error creating WebDriver object for Chrome","trace":"io.github.bonigarcia.wdm.config.WebDriverManagerException: There was an error creating WebDriver object for Chrome\r\n\tat io.github.bonigarcia.wdm.WebDriverManager.instantiateDriver(WebDriverManager.java:1776)\r\n\tat io.github.bonigarcia.wdm.WebDriverManager.create(WebDriverManager.java:425)\r\n\tat tests.BaseTest.setAllureEnvironment(BaseTest.java:28)\r\n\tat java.base/jdk.internal.reflect.NativeMethodAccessorImpl.invoke0(Native Method)\r\n\tat java.base/jdk.internal.reflect.NativeMethodAccessorImpl.invoke(NativeMethodAccessorImpl.java:62)\r\n\tat java.base/jdk.internal.reflect.DelegatingMethodAccessorImpl.invoke(DelegatingMethodAccessorImpl.java:43)\r\n\tat java.base/java.lang.reflect.Method.invoke(Method.java:566)\r\n\tat org.testng.internal.invokers.MethodInvocationHelper.invokeMethod(MethodInvocationHelper.java:135)\r\n\tat org.testng.internal.invokers.MethodInvocationHelper.invokeMethodConsideringTimeout(MethodInvocationHelper.java:65)\r\n\tat org.testng.internal.invokers.ConfigInvoker.invokeConfigurationMethod(ConfigInvoker.java:381)\r\n\tat org.testng.internal.invokers.ConfigInvoker.invokeConfigurations(ConfigInvoker.java:319)\r\n\tat org.testng.internal.invokers.TestMethodWorker.invokeBeforeClassMethods(TestMethodWorker.java:178)\r\n\tat org.testng.internal.invokers.TestMethodWorker.run(TestMethodWorker.java:122)\r\n\tat java.base/java.util.concurrent.ThreadPoolExecutor.runWorker(ThreadPoolExecutor.java:1128)\r\n\tat java.base/java.util.concurrent.ThreadPoolExecutor$Worker.run(ThreadPoolExecutor.java:628)\r\n\tat java.base/java.lang.Thread.run(Thread.java:829)\r\nCaused by: com.github.dockerjava.api.exception.NotFoundException: Status 404: {\"message\":\"No such image: selenoid/vnc:chrome_118.0\"}\n\r\n\tat com.github.dockerjava.core.DefaultInvocationBuilder.execute(DefaultInvocationBuilder.java:241)\r\n\tat com.github.dockerjava.core.DefaultInvocationBuilder.post(DefaultInvocationBuilder.java:124)\r\n\tat com.github.dockerjava.core.exec.CreateContainerCmdExec.execute(CreateContainerCmdExec.java:37)\r\n\tat com.github.dockerjava.core.exec.CreateContainerCmdExec.execute(CreateContainerCmdExec.java:13)\r\n\tat com.github.dockerjava.core.exec.AbstrSyncDockerCmdExec.exec(AbstrSyncDockerCmdExec.java:21)\r\n\tat com.github.dockerjava.core.command.AbstrDockerCmd.exec(AbstrDockerCmd.java:35)\r\n\tat com.github.dockerjava.core.command.CreateContainerCmdImpl.exec(CreateContainerCmdImpl.java:608)\r\n\tat io.github.bonigarcia.wdm.docker.DockerService.startContainer(DockerService.java:248)\r\n\tat io.github.bonigarcia.wdm.docker.DockerService.startBrowserContainer(DockerService.java:677)\r\n\tat io.github.bonigarcia.wdm.WebDriverManager.createDockerWebDriver(WebDriverManager.java:1891)\r\n\tat io.github.bonigarcia.wdm.WebDriverManager.instantiateDriver(WebDriverManager.java:1756)\r\n\t... 15 more\r\n"},"stage":"finished","description":"","steps":[],"attachments":[],"parameters":[],"start":1698677077241,"stop":1698677077813}],"afters":[{"name":"tearDown","status":"broken","stage":"finished","description":"","steps":[],"attachments":[],"parameters":[],"start":1698677077829,"stop":1698677077829}],"start":1698677059153,"stop":1698677077853}