{"uuid":"9b908e70-9667-4408-ac2b-76d3781095d0","name":"tests.CartPageTests","children":["d43ee3ea-6edb-4abf-9ddb-768b57e678f9","64f7c9c8-fe03-4244-8894-d50a989f979b","e6cbb053-f9ce-46c9-aa4b-7c2b589c0269","8b236545-1406-4139-840e-9287b50de2d3","03bacc27-8f9b-4a60-b1dd-4d72c3423ebd","46eef40a-0943-428a-bcb8-0348f804382f","be606bef-933f-4296-9e83-45bba42fe7b6"],"befores":[{"name":"setup","status":"broken","statusDetails":{"known":false,"muted":false,"flaky":false,"message":"There was an error creating WebDriver object for Chrome","trace":"io.github.bonigarcia.wdm.config.WebDriverManagerException: There was an error creating WebDriver object for Chrome\r\n\tat io.github.bonigarcia.wdm.WebDriverManager.instantiateDriver(WebDriverManager.java:1776)\r\n\tat io.github.bonigarcia.wdm.WebDriverManager.create(WebDriverManager.java:425)\r\n\tat tests.BaseTest.setup(BaseTest.java:47)\r\n\tat java.base/jdk.internal.reflect.DirectMethodHandleAccessor.invoke(DirectMethodHandleAccessor.java:104)\r\n\tat java.base/java.lang.reflect.Method.invoke(Method.java:577)\r\n\tat org.testng.internal.invokers.MethodInvocationHelper.invokeMethod(MethodInvocationHelper.java:135)\r\n\tat org.testng.internal.invokers.MethodInvocationHelper.invokeMethodConsideringTimeout(MethodInvocationHelper.java:65)\r\n\tat org.testng.internal.invokers.ConfigInvoker.invokeConfigurationMethod(ConfigInvoker.java:381)\r\n\tat org.testng.internal.invokers.ConfigInvoker.invokeConfigurations(ConfigInvoker.java:319)\r\n\tat org.testng.internal.invokers.TestMethodWorker.invokeBeforeClassMethods(TestMethodWorker.java:178)\r\n\tat org.testng.internal.invokers.TestMethodWorker.run(TestMethodWorker.java:122)\r\n\tat java.base/java.util.concurrent.ThreadPoolExecutor.runWorker(ThreadPoolExecutor.java:1136)\r\n\tat java.base/java.util.concurrent.ThreadPoolExecutor$Worker.run(ThreadPoolExecutor.java:635)\r\n\tat java.base/java.lang.Thread.run(Thread.java:833)\r\nCaused by: java.lang.reflect.InvocationTargetException\r\n\tat java.base/jdk.internal.reflect.DirectConstructorHandleAccessor.newInstance(DirectConstructorHandleAccessor.java:79)\r\n\tat java.base/java.lang.reflect.Constructor.newInstanceWithCaller(Constructor.java:499)\r\n\tat java.base/java.lang.reflect.Constructor.newInstance(Constructor.java:483)\r\n\tat io.github.bonigarcia.wdm.webdriver.WebDriverCreator.createLocalWebDriver(WebDriverCreator.java:64)\r\n\tat io.github.bonigarcia.wdm.WebDriverManager.createLocalWebDriver(WebDriverManager.java:1955)\r\n\tat io.github.bonigarcia.wdm.WebDriverManager.instantiateDriver(WebDriverManager.java:1765)\r\n\t... 13 more\r\nCaused by: org.openqa.selenium.SessionNotCreatedException: Could not start a new session. Response code 500. Message: session not created: This version of ChromeDriver only supports Chrome version 114\nCurrent browser version is 118.0.5993.71 with binary path C:\\Program Files\\Google\\Chrome\\Application\\chrome.exe \nHost info: host: 'LAPTOP-C80NUM97', ip: '10.0.0.2'\nBuild info: version: '4.9.1', revision: 'eb2032df7f'\nSystem info: os.name: 'Windows 11', os.arch: 'amd64', os.version: '10.0', java.version: '18.0.2'\nDriver info: org.openqa.selenium.chrome.ChromeDriver\nCommand: [null, newSession {capabilities=[Capabilities {browserName: chrome, goog:chromeOptions: {args: [--remote-allow-origins=*], extensions: []}}]}]\r\n\tat org.openqa.selenium.remote.ProtocolHandshake.createSession(ProtocolHandshake.java:136)\r\n\tat org.openqa.selenium.remote.ProtocolHandshake.createSession(ProtocolHandshake.java:94)\r\n\tat org.openqa.selenium.remote.ProtocolHandshake.createSession(ProtocolHandshake.java:68)\r\n\tat org.openqa.selenium.remote.HttpCommandExecutor.execute(HttpCommandExecutor.java:165)\r\n\tat org.openqa.selenium.remote.service.DriverCommandExecutor.invokeExecute(DriverCommandExecutor.java:183)\r\n\tat org.openqa.selenium.remote.service.DriverCommandExecutor.execute(DriverCommandExecutor.java:158)\r\n\tat org.openqa.selenium.remote.RemoteWebDriver.execute(RemoteWebDriver.java:543)\r\n\tat org.openqa.selenium.remote.RemoteWebDriver.startSession(RemoteWebDriver.java:229)\r\n\tat org.openqa.selenium.remote.RemoteWebDriver.<init>(RemoteWebDriver.java:157)\r\n\tat org.openqa.selenium.chromium.ChromiumDriver.<init>(ChromiumDriver.java:101)\r\n\tat org.openqa.selenium.chrome.ChromeDriver.<init>(ChromeDriver.java:88)\r\n\tat org.openqa.selenium.chrome.ChromeDriver.<init>(ChromeDriver.java:84)\r\n\tat org.openqa.selenium.chrome.ChromeDriver.<init>(ChromeDriver.java:52)\r\n\tat java.base/jdk.internal.reflect.DirectConstructorHandleAccessor.newInstance(DirectConstructorHandleAccessor.java:67)\r\n\t... 18 more\r\n"},"stage":"finished","description":"","steps":[],"attachments":[],"parameters":[],"start":1697548371303,"stop":1697548373739}],"afters":[{"name":"tearDown","status":"broken","stage":"finished","description":"","steps":[],"attachments":[],"parameters":[],"start":1697548373769,"stop":1697548373769}],"start":1697548349448,"stop":1697548381959}