{"uuid":"d47710b2-23d6-4bcf-9f2b-c67fe172cbdf","name":"tests.CheckoutPageTests","children":["762f9389-ad78-4670-b684-a2870c4bd02f","409aa9a9-3a56-477d-8629-a2a08b2898ca","5d65ee7a-3b1c-4f6e-a818-e5566db1b914","e0563fa4-770d-4063-b54f-eda69c5e373c","e1377d03-cacd-4a7c-8c0e-ded02b6d5c24","aa2d8008-4ff5-495e-8437-a51a33264d27","d7a86f7d-b762-4f63-b056-bebe18c31d66"],"befores":[{"name":"setAllureEnvironment","status":"broken","statusDetails":{"known":false,"muted":false,"flaky":false,"message":"There was an error creating WebDriver object for Chrome","trace":"io.github.bonigarcia.wdm.config.WebDriverManagerException: There was an error creating WebDriver object for Chrome\r\n\tat io.github.bonigarcia.wdm.WebDriverManager.instantiateDriver(WebDriverManager.java:1776)\r\n\tat io.github.bonigarcia.wdm.WebDriverManager.create(WebDriverManager.java:425)\r\n\tat tests.BaseTest.setAllureEnvironment(BaseTest.java:28)\r\n\tat java.base/jdk.internal.reflect.NativeMethodAccessorImpl.invoke0(Native Method)\r\n\tat java.base/jdk.internal.reflect.NativeMethodAccessorImpl.invoke(NativeMethodAccessorImpl.java:62)\r\n\tat java.base/jdk.internal.reflect.DelegatingMethodAccessorImpl.invoke(DelegatingMethodAccessorImpl.java:43)\r\n\tat java.base/java.lang.reflect.Method.invoke(Method.java:566)\r\n\tat org.testng.internal.invokers.MethodInvocationHelper.invokeMethod(MethodInvocationHelper.java:135)\r\n\tat org.testng.internal.invokers.MethodInvocationHelper.invokeMethodConsideringTimeout(MethodInvocationHelper.java:65)\r\n\tat org.testng.internal.invokers.ConfigInvoker.invokeConfigurationMethod(ConfigInvoker.java:381)\r\n\tat org.testng.internal.invokers.ConfigInvoker.invokeConfigurations(ConfigInvoker.java:319)\r\n\tat org.testng.internal.invokers.TestMethodWorker.invokeBeforeClassMethods(TestMethodWorker.java:178)\r\n\tat org.testng.internal.invokers.TestMethodWorker.run(TestMethodWorker.java:122)\r\n\tat java.base/java.util.concurrent.ThreadPoolExecutor.runWorker(ThreadPoolExecutor.java:1128)\r\n\tat java.base/java.util.concurrent.ThreadPoolExecutor$Worker.run(ThreadPoolExecutor.java:628)\r\n\tat java.base/java.lang.Thread.run(Thread.java:829)\r\nCaused by: com.github.dockerjava.api.exception.NotFoundException: Status 404: {\"message\":\"No such image: selenoid/vnc:chrome_118.0\"}\n\r\n\tat com.github.dockerjava.core.DefaultInvocationBuilder.execute(DefaultInvocationBuilder.java:241)\r\n\tat com.github.dockerjava.core.DefaultInvocationBuilder.post(DefaultInvocationBuilder.java:124)\r\n\tat com.github.dockerjava.core.exec.CreateContainerCmdExec.execute(CreateContainerCmdExec.java:37)\r\n\tat com.github.dockerjava.core.exec.CreateContainerCmdExec.execute(CreateContainerCmdExec.java:13)\r\n\tat com.github.dockerjava.core.exec.AbstrSyncDockerCmdExec.exec(AbstrSyncDockerCmdExec.java:21)\r\n\tat com.github.dockerjava.core.command.AbstrDockerCmd.exec(AbstrDockerCmd.java:35)\r\n\tat com.github.dockerjava.core.command.CreateContainerCmdImpl.exec(CreateContainerCmdImpl.java:608)\r\n\tat io.github.bonigarcia.wdm.docker.DockerService.startContainer(DockerService.java:248)\r\n\tat io.github.bonigarcia.wdm.docker.DockerService.startBrowserContainer(DockerService.java:677)\r\n\tat io.github.bonigarcia.wdm.WebDriverManager.createDockerWebDriver(WebDriverManager.java:1891)\r\n\tat io.github.bonigarcia.wdm.WebDriverManager.instantiateDriver(WebDriverManager.java:1756)\r\n\t... 15 more\r\n"},"stage":"finished","description":"","steps":[],"attachments":[],"parameters":[],"start":1698677074712,"stop":1698677075316}],"afters":[{"name":"tearDown","status":"broken","stage":"finished","description":"","steps":[],"attachments":[],"parameters":[],"start":1698677075343,"stop":1698677075343}],"start":1698677059153,"stop":1698677077847}