{"uuid":"ec84fa75-4f53-4f37-b827-01e880c36863","name":"tests.CartPageTests","children":["bbef01d6-0c38-413b-b919-74f8ca8bb1d4","fd655900-a6b3-4616-823e-da5e768c091a","78f2d7e2-d83e-4122-9663-fd8ee6e412aa","64211891-5b10-4a21-97ac-986a5645ae09","2a429c68-51ff-4613-97f2-a5fb1922a06c","59cae583-50b9-4665-b5fb-068a9d221654","a0d71192-ba9c-4bbb-973c-867fa76ecc6e"],"befores":[{"name":"setAllureEnvironment","status":"broken","statusDetails":{"known":false,"muted":false,"flaky":false,"message":"There was an error creating WebDriver object for Chrome","trace":"io.github.bonigarcia.wdm.config.WebDriverManagerException: There was an error creating WebDriver object for Chrome\r\n\tat io.github.bonigarcia.wdm.WebDriverManager.instantiateDriver(WebDriverManager.java:1776)\r\n\tat io.github.bonigarcia.wdm.WebDriverManager.create(WebDriverManager.java:425)\r\n\tat tests.BaseTest.setAllureEnvironment(BaseTest.java:28)\r\n\tat java.base/jdk.internal.reflect.NativeMethodAccessorImpl.invoke0(Native Method)\r\n\tat java.base/jdk.internal.reflect.NativeMethodAccessorImpl.invoke(NativeMethodAccessorImpl.java:62)\r\n\tat java.base/jdk.internal.reflect.DelegatingMethodAccessorImpl.invoke(DelegatingMethodAccessorImpl.java:43)\r\n\tat java.base/java.lang.reflect.Method.invoke(Method.java:566)\r\n\tat org.testng.internal.invokers.MethodInvocationHelper.invokeMethod(MethodInvocationHelper.java:135)\r\n\tat org.testng.internal.invokers.MethodInvocationHelper.invokeMethodConsideringTimeout(MethodInvocationHelper.java:65)\r\n\tat org.testng.internal.invokers.ConfigInvoker.invokeConfigurationMethod(ConfigInvoker.java:381)\r\n\tat org.testng.internal.invokers.ConfigInvoker.invokeConfigurations(ConfigInvoker.java:319)\r\n\tat org.testng.internal.invokers.TestMethodWorker.invokeBeforeClassMethods(TestMethodWorker.java:178)\r\n\tat org.testng.internal.invokers.TestMethodWorker.run(TestMethodWorker.java:122)\r\n\tat java.base/java.util.concurrent.ThreadPoolExecutor.runWorker(ThreadPoolExecutor.java:1128)\r\n\tat java.base/java.util.concurrent.ThreadPoolExecutor$Worker.run(ThreadPoolExecutor.java:628)\r\n\tat java.base/java.lang.Thread.run(Thread.java:829)\r\nCaused by: com.github.dockerjava.api.exception.NotFoundException: Status 404: {\"message\":\"No such image: selenoid/vnc:chrome_118.0\"}\n\r\n\tat com.github.dockerjava.core.DefaultInvocationBuilder.execute(DefaultInvocationBuilder.java:241)\r\n\tat com.github.dockerjava.core.DefaultInvocationBuilder.post(DefaultInvocationBuilder.java:124)\r\n\tat com.github.dockerjava.core.exec.CreateContainerCmdExec.execute(CreateContainerCmdExec.java:37)\r\n\tat com.github.dockerjava.core.exec.CreateContainerCmdExec.execute(CreateContainerCmdExec.java:13)\r\n\tat com.github.dockerjava.core.exec.AbstrSyncDockerCmdExec.exec(AbstrSyncDockerCmdExec.java:21)\r\n\tat com.github.dockerjava.core.command.AbstrDockerCmd.exec(AbstrDockerCmd.java:35)\r\n\tat com.github.dockerjava.core.command.CreateContainerCmdImpl.exec(CreateContainerCmdImpl.java:608)\r\n\tat io.github.bonigarcia.wdm.docker.DockerService.startContainer(DockerService.java:248)\r\n\tat io.github.bonigarcia.wdm.docker.DockerService.startBrowserContainer(DockerService.java:677)\r\n\tat io.github.bonigarcia.wdm.WebDriverManager.createDockerWebDriver(WebDriverManager.java:1891)\r\n\tat io.github.bonigarcia.wdm.WebDriverManager.instantiateDriver(WebDriverManager.java:1756)\r\n\t... 15 more\r\n"},"stage":"finished","description":"","steps":[],"attachments":[],"parameters":[],"start":1698677075344,"stop":1698677075937}],"afters":[{"name":"tearDown","status":"broken","stage":"finished","description":"","steps":[],"attachments":[],"parameters":[],"start":1698677075965,"stop":1698677075966}],"start":1698677059153,"stop":1698677077845}