{"uuid":"f3905e21-577a-4698-8d96-e4074dc7fb2a","historyId":"f523c44f6c480f5ad7ae4ad7cf8efa9e","fullName":"tests.LogInPageTests.TC02","labels":[{"name":"package","value":"tests.LogInPageTests"},{"name":"testClass","value":"tests.LogInPageTests"},{"name":"testMethod","value":"TC02"},{"name":"parentSuite","value":"Suite"},{"name":"suite","value":"Test"},{"name":"subSuite","value":"tests.LogInPageTests"},{"name":"host","value":"LAPTOP-C80NUM97"},{"name":"thread","value":"2252@LAPTOP-C80NUM97.TestNG-test=Test-1(22)"},{"name":"framework","value":"testng"},{"name":"language","value":"java"},{"name":"feature","value":"Log in"},{"name":"owner","value":"Yitzi Weiner"},{"name":"story","value":"As a user i will expect that i will get an error that will lead my to the error"},{"name":"epic","value":"Login Page"},{"name":"severity","value":"critical"}],"links":[],"name":"Login Page","status":"skipped","statusDetails":{"known":false,"muted":false,"flaky":false,"message":"There was an error creating WebDriver object for Chrome","trace":"io.github.bonigarcia.wdm.config.WebDriverManagerException: There was an error creating WebDriver object for Chrome\r\n\tat io.github.bonigarcia.wdm.WebDriverManager.instantiateDriver(WebDriverManager.java:1776)\r\n\tat io.github.bonigarcia.wdm.WebDriverManager.create(WebDriverManager.java:425)\r\n\tat tests.BaseTest.setAllureEnvironment(BaseTest.java:28)\r\n\tat java.base/jdk.internal.reflect.NativeMethodAccessorImpl.invoke0(Native Method)\r\n\tat java.base/jdk.internal.reflect.NativeMethodAccessorImpl.invoke(NativeMethodAccessorImpl.java:62)\r\n\tat java.base/jdk.internal.reflect.DelegatingMethodAccessorImpl.invoke(DelegatingMethodAccessorImpl.java:43)\r\n\tat java.base/java.lang.reflect.Method.invoke(Method.java:566)\r\n\tat org.testng.internal.invokers.MethodInvocationHelper.invokeMethod(MethodInvocationHelper.java:135)\r\n\tat org.testng.internal.invokers.MethodInvocationHelper.invokeMethodConsideringTimeout(MethodInvocationHelper.java:65)\r\n\tat org.testng.internal.invokers.ConfigInvoker.invokeConfigurationMethod(ConfigInvoker.java:381)\r\n\tat org.testng.internal.invokers.ConfigInvoker.invokeConfigurations(ConfigInvoker.java:319)\r\n\tat org.testng.internal.invokers.TestMethodWorker.invokeBeforeClassMethods(TestMethodWorker.java:178)\r\n\tat org.testng.internal.invokers.TestMethodWorker.run(TestMethodWorker.java:122)\r\n\tat java.base/java.util.concurrent.ThreadPoolExecutor.runWorker(ThreadPoolExecutor.java:1128)\r\n\tat java.base/java.util.concurrent.ThreadPoolExecutor$Worker.run(ThreadPoolExecutor.java:628)\r\n\tat java.base/java.lang.Thread.run(Thread.java:829)\r\nCaused by: com.github.dockerjava.api.exception.NotFoundException: Status 404: {\"message\":\"No such image: selenoid/vnc:chrome_118.0\"}\n\r\n\tat com.github.dockerjava.core.DefaultInvocationBuilder.execute(DefaultInvocationBuilder.java:241)\r\n\tat com.github.dockerjava.core.DefaultInvocationBuilder.post(DefaultInvocationBuilder.java:124)\r\n\tat com.github.dockerjava.core.exec.CreateContainerCmdExec.execute(CreateContainerCmdExec.java:37)\r\n\tat com.github.dockerjava.core.exec.CreateContainerCmdExec.execute(CreateContainerCmdExec.java:13)\r\n\tat com.github.dockerjava.core.exec.AbstrSyncDockerCmdExec.exec(AbstrSyncDockerCmdExec.java:21)\r\n\tat com.github.dockerjava.core.command.AbstrDockerCmd.exec(AbstrDockerCmd.java:35)\r\n\tat com.github.dockerjava.core.command.CreateContainerCmdImpl.exec(CreateContainerCmdImpl.java:608)\r\n\tat io.github.bonigarcia.wdm.docker.DockerService.startContainer(DockerService.java:248)\r\n\tat io.github.bonigarcia.wdm.docker.DockerService.startBrowserContainer(DockerService.java:677)\r\n\tat io.github.bonigarcia.wdm.WebDriverManager.createDockerWebDriver(WebDriverManager.java:1891)\r\n\tat io.github.bonigarcia.wdm.WebDriverManager.instantiateDriver(WebDriverManager.java:1756)\r\n\t... 15 more\r\n"},"stage":"finished","description":"Log in with empty Username","steps":[],"attachments":[],"parameters":[{"name":"BrowserName","value":"Chrome"},{"name":"baseUrl","value":"https://www.saucedemo.com/"},{"name":"BrowserVersion","value":"114.0.5735.199"}],"start":1698677077191,"stop":1698677077191}